# JRE version: OpenJDK Runtime Environment (11.0.15) (build 11.0.15+0-b2043.56-8887301)
# Java VM: OpenJDK 64-Bit Server VM (11.0.15+0-b2043.56-8887301, mixed mode, tiered, compressed oops, g1 gc, windows-amd64)
Heap:
 garbage-first heap   total 225280K, used 151991K [0x0000000080000000, 0x0000000100000000)
  region size 1024K, 45 young (46080K), 6 survivors (6144K)
 Metaspace       used 121805K, capacity 125942K, committed 126288K, reserved 1159168K
  class space    used 15871K, capacity 17504K, committed 17612K, reserved 1048576K
GC Heap History (20 events):
Event: 29.472 GC heap before
{Heap before GC invocations=46 (full 0):
 garbage-first heap   total 187392K, used 129777K [0x0000000080000000, 0x0000000100000000)
  region size 1024K, 40 young (40960K), 1 survivors (1024K)
 Metaspace       used 100166K, capacity 102767K, committed 102992K, reserved 1138688K
  class space    used 12900K, capacity 13900K, committed 14028K, reserved 1048576K
}
Event: 29.478 GC heap after
{Heap after GC invocations=47 (full 0):
 garbage-first heap   total 187392K, used 92470K [0x0000000080000000, 0x0000000100000000)
  region size 1024K, 4 young (4096K), 4 survivors (4096K)
 Metaspace       used 100166K, capacity 102767K, committed 102992K, reserved 1138688K
  class space    used 12900K, capacity 13900K, committed 14028K, reserved 1048576K
}
Event: 30.165 GC heap before
{Heap before GC invocations=48 (full 0):
 garbage-first heap   total 187392K, used 132406K [0x0000000080000000, 0x0000000100000000)
  region size 1024K, 44 young (45056K), 4 survivors (4096K)
 Metaspace       used 100477K, capacity 103027K, committed 103248K, reserved 1138688K
  class space    used 12905K, capacity 13903K, committed 14028K, reserved 1048576K
}
Event: 30.172 GC heap after
{Heap after GC invocations=49 (full 0):
 garbage-first heap   total 187392K, used 94753K [0x0000000080000000, 0x0000000100000000)
  region size 1024K, 5 young (5120K), 5 survivors (5120K)
 Metaspace       used 100477K, capacity 103027K, committed 103248K, reserved 1138688K
  class space    used 12905K, capacity 13903K, committed 14028K, reserved 1048576K
}
Event: 30.235 GC heap before
{Heap before GC invocations=49 (full 0):
 garbage-first heap   total 187392K, used 97825K [0x0000000080000000, 0x0000000100000000)
  region size 1024K, 9 young (9216K), 5 survivors (5120K)
 Metaspace       used 100526K, capacity 103106K, committed 103248K, reserved 1138688K
  class space    used 12907K, capacity 13905K, committed 14028K, reserved 1048576K
}
Event: 30.244 GC heap after
{Heap after GC invocations=50 (full 0):
 garbage-first heap   total 187392K, used 94100K [0x0000000080000000, 0x0000000100000000)
  region size 1024K, 1 young (1024K), 1 survivors (1024K)
 Metaspace       used 100526K, capacity 103106K, committed 103248K, reserved 1138688K
  class space    used 12907K, capacity 13905K, committed 14028K, reserved 1048576K
}
Event: 31.159 GC heap before
{Heap before GC invocations=50 (full 0):
 garbage-first heap   total 187392K, used 135060K [0x0000000080000000, 0x0000000100000000)
  region size 1024K, 42 young (43008K), 1 survivors (1024K)
 Metaspace       used 101334K, capacity 103980K, committed 104016K, reserved 1138688K
  class space    used 12990K, capacity 14005K, committed 14028K, reserved 1048576K
}
Event: 31.165 GC heap after
{Heap after GC invocations=51 (full 0):
 garbage-first heap   total 225280K, used 97156K [0x0000000080000000, 0x0000000100000000)
  region size 1024K, 4 young (4096K), 4 survivors (4096K)
 Metaspace       used 101334K, capacity 103980K, committed 104016K, reserved 1138688K
  class space    used 12990K, capacity 14005K, committed 14028K, reserved 1048576K
}
Event: 33.863 GC heap before
{Heap before GC invocations=52 (full 0):
 garbage-first heap   total 225280K, used 155524K [0x0000000080000000, 0x0000000100000000)
  region size 1024K, 62 young (63488K), 4 survivors (4096K)
 Metaspace       used 101904K, capacity 104600K, committed 104912K, reserved 1140736K
  class space    used 13054K, capacity 14083K, committed 14156K, reserved 1048576K
}
Event: 33.870 GC heap after
{Heap after GC invocations=53 (full 0):
 garbage-first heap   total 225280K, used 100477K [0x0000000080000000, 0x0000000100000000)
  region size 1024K, 7 young (7168K), 7 survivors (7168K)
 Metaspace       used 101904K, capacity 104600K, committed 104912K, reserved 1140736K
  class space    used 13054K, capacity 14083K, committed 14156K, reserved 1048576K
}
Event: 34.416 GC heap before
{Heap before GC invocations=53 (full 0):
 garbage-first heap   total 225280K, used 163965K [0x0000000080000000, 0x0000000100000000)
  region size 1024K, 68 young (69632K), 7 survivors (7168K)
 Metaspace       used 104073K, capacity 106868K, committed 106960K, reserved 1142784K
  class space    used 13332K, capacity 14356K, committed 14412K, reserved 1048576K
}
Event: 34.427 GC heap after
{Heap after GC invocations=54 (full 0):
 garbage-first heap   total 225280K, used 105313K [0x0000000080000000, 0x0000000100000000)
  region size 1024K, 9 young (9216K), 9 survivors (9216K)
 Metaspace       used 104073K, capacity 106868K, committed 106960K, reserved 1142784K
  class space    used 13332K, capacity 14356K, committed 14412K, reserved 1048576K
}
Event: 35.242 GC heap before
{Heap before GC invocations=54 (full 0):
 garbage-first heap   total 225280K, used 166753K [0x0000000080000000, 0x0000000100000000)
  region size 1024K, 70 young (71680K), 9 survivors (9216K)
 Metaspace       used 111583K, capacity 114999K, committed 115152K, reserved 1148928K
  class space    used 14504K, capacity 15850K, committed 15948K, reserved 1048576K
}
Event: 35.253 GC heap after
{Heap after GC invocations=55 (full 0):
 garbage-first heap   total 225280K, used 113487K [0x0000000080000000, 0x0000000100000000)
  region size 1024K, 9 young (9216K), 9 survivors (9216K)
 Metaspace       used 111583K, capacity 114999K, committed 115152K, reserved 1148928K
  class space    used 14504K, capacity 15850K, committed 15948K, reserved 1048576K
}
Event: 35.952 GC heap before
{Heap before GC invocations=55 (full 0):
 garbage-first heap   total 225280K, used 172879K [0x0000000080000000, 0x0000000100000000)
  region size 1024K, 67 young (68608K), 9 survivors (9216K)
 Metaspace       used 116631K, capacity 120446K, committed 120528K, reserved 1153024K
  class space    used 15174K, capacity 16661K, committed 16716K, reserved 1048576K
}
Event: 35.957 GC heap after
{Heap after GC invocations=56 (full 0):
 garbage-first heap   total 225280K, used 108737K [0x0000000080000000, 0x0000000100000000)
  region size 1024K, 3 young (3072K), 3 survivors (3072K)
 Metaspace       used 116631K, capacity 120446K, committed 120528K, reserved 1153024K
  class space    used 15174K, capacity 16661K, committed 16716K, reserved 1048576K
}
Event: 36.803 GC heap before
{Heap before GC invocations=56 (full 0):
 garbage-first heap   total 225280K, used 192705K [0x0000000080000000, 0x0000000100000000)
  region size 1024K, 68 young (69632K), 3 survivors (3072K)
 Metaspace       used 119831K, capacity 123844K, committed 123984K, reserved 1157120K
  class space    used 15690K, capacity 17251K, committed 17356K, reserved 1048576K
}
Event: 36.806 GC heap after
{Heap after GC invocations=57 (full 0):
 garbage-first heap   total 225280K, used 128067K [0x0000000080000000, 0x0000000100000000)
  region size 1024K, 4 young (4096K), 4 survivors (4096K)
 Metaspace       used 119831K, capacity 123844K, committed 123984K, reserved 1157120K
  class space    used 15690K, capacity 17251K, committed 17356K, reserved 1048576K
}
Event: 681.378 GC heap before
{Heap before GC invocations=57 (full 0):
 garbage-first heap   total 225280K, used 197699K [0x0000000080000000, 0x0000000100000000)
  region size 1024K, 58 young (59392K), 4 survivors (4096K)
 Metaspace       used 121559K, capacity 125677K, committed 126032K, reserved 1157120K
  class space    used 15864K, capacity 17490K, committed 17612K, reserved 1048576K
}
Event: 681.687 GC heap after
{Heap after GC invocations=58 (full 0):
 garbage-first heap   total 225280K, used 112055K [0x0000000080000000, 0x0000000100000000)
  region size 1024K, 6 young (6144K), 6 survivors (6144K)
 Metaspace       used 121559K, capacity 125677K, committed 126032K, reserved 1157120K
  class space    used 15864K, capacity 17490K, committed 17612K, reserved 1048576K
}

